<?xml version="1.0" encoding="UTF-8"?>
<!-- Generated by org.testng.reporters.JUnitXMLReporter -->
<testsuite ignored="0" hostname="LAPTOP-S0EDEAL3" failures="1" tests="1" name="StandaloneTest" time="8.121" errors="0" timestamp="2024-12-25T10:50:25 IST">
  <testcase classname="YashadaParabAutomation.standalone.StandaloneTest" name="submitOrder" time="1.297">
    <failure type="java.lang.NullPointerException" message="Cannot invoke &amp;quot;org.openqa.selenium.WebElement.findElement(org.openqa.selenium.By)&amp;quot; because &amp;quot;prod&amp;quot; is null">
      <![CDATA[java.lang.NullPointerException: Cannot invoke "org.openqa.selenium.WebElement.findElement(org.openqa.selenium.By)" because "prod" is null
at YashadaParabAutomation.pageObjects.CataloguePage.ClickSubmit(CataloguePage.java:48)
at YashadaParabAutomation.standalone.StandaloneTest.submitOrder(StandaloneTest.java:26)
at java.base/java.util.ArrayList.forEach(ArrayList.java:1511)
at java.base/java.util.concurrent.FutureTask.run(FutureTask.java:264)
at java.base/java.util.concurrent.ThreadPoolExecutor.runWorker(ThreadPoolExecutor.java:1136)
at java.base/java.util.concurrent.ThreadPoolExecutor$Worker.run(ThreadPoolExecutor.java:635)
at java.base/java.lang.Thread.run(Thread.java:833)
... Removed 17 stack frames]]>
    </failure>
  </testcase> <!-- submitOrder -->
</testsuite> <!-- StandaloneTest -->
